Flow report for Counter_Display
Thu Aug 18 10:17:49 2022
Quartus Prime Version 20.1.0 Build 711 06/05/2020 SJ Lite Edition


---------------------
; Table of Contents ;
---------------------
  1. Legal Notice
  2. Flow Summary
  3. Flow Settings
  4. Flow Non-Default Global Settings
  5. Flow Elapsed Time
  6. Flow OS Summary
  7. Flow Log
  8. Flow Messages
  9. Flow Suppressed Messages



----------------
; Legal Notice ;
----------------
Copyright (C) 2020  Intel Corporation. All rights reserved.
Your use of Intel Corporation's design tools, logic functions 
and other software and tools, and any partner logic 
functions, and any output files from any of the foregoing 
(including device programming or simulation files), and any 
associated documentation or information are expressly subject 
to the terms and conditions of the Intel Program License 
Subscription Agreement, the Intel Quartus Prime License Agreement,
the Intel FPGA IP License Agreement, or other applicable license
agreement, including, without limitation, that your use is for
the sole purpose of programming logic devices manufactured by
Intel and sold by Intel or its authorized distributors.  Please
refer to the applicable agreement for further details, at
https://fpgasoftware.intel.com/eula.



+-------------------------------------------------------------------------------+
; Flow Summary                                                                  ;
+---------------------------------+---------------------------------------------+
; Flow Status                     ; Successful - Thu Aug 18 10:17:49 2022       ;
; Quartus Prime Version           ; 20.1.0 Build 711 06/05/2020 SJ Lite Edition ;
; Revision Name                   ; Counter_Display                             ;
; Top-level Entity Name           ; counter_display_six_bit                     ;
; Family                          ; Cyclone V                                   ;
; Device                          ; 5CSEMA5F31C6                                ;
; Timing Models                   ; Final                                       ;
; Logic utilization (in ALMs)     ; 12 / 32,070 ( < 1 % )                       ;
; Total registers                 ; 6                                           ;
; Total pins                      ; 50 / 457 ( 11 % )                           ;
; Total virtual pins              ; 0                                           ;
; Total block memory bits         ; 0 / 4,065,280 ( 0 % )                       ;
; Total DSP Blocks                ; 0 / 87 ( 0 % )                              ;
; Total HSSI RX PCSs              ; 0                                           ;
; Total HSSI PMA RX Deserializers ; 0                                           ;
; Total HSSI TX PCSs              ; 0                                           ;
; Total HSSI PMA TX Serializers   ; 0                                           ;
; Total PLLs                      ; 0 / 6 ( 0 % )                               ;
; Total DLLs                      ; 0 / 4 ( 0 % )                               ;
+---------------------------------+---------------------------------------------+


+-----------------------------------------+
; Flow Settings                           ;
+-------------------+---------------------+
; Option            ; Setting             ;
+-------------------+---------------------+
; Start date & time ; 08/18/2022 10:16:37 ;
; Main task         ; Compilation         ;
; Revision Name     ; Counter_Display     ;
+-------------------+---------------------+


+---------------------------------------------------------------------------------------------------------------------------------------------------------------+
; Flow Non-Default Global Settings                                                                                                                              ;
+--------------------------------------+----------------------------------------+-----------------+-------------------------+-----------------------------------+
; Assignment Name                      ; Value                                  ; Default Value   ; Entity Name             ; Section Id                        ;
+--------------------------------------+----------------------------------------+-----------------+-------------------------+-----------------------------------+
; COMPILER_SIGNATURE_ID                ; 92668497380646.166083939704264         ; --              ; --                      ; --                                ;
; EDA_DESIGN_INSTANCE_NAME             ; NA                                     ; --              ; --                      ; counter_two_bit_tb                ;
; EDA_DESIGN_INSTANCE_NAME             ; NA                                     ; --              ; --                      ; counter_four_bit_tb               ;
; EDA_DESIGN_INSTANCE_NAME             ; NA                                     ; --              ; --                      ; counter_tb                        ;
; EDA_GENERATE_FUNCTIONAL_NETLIST      ; Off                                    ; --              ; --                      ; eda_board_design_timing           ;
; EDA_GENERATE_FUNCTIONAL_NETLIST      ; Off                                    ; --              ; --                      ; eda_board_design_boundary_scan    ;
; EDA_GENERATE_FUNCTIONAL_NETLIST      ; Off                                    ; --              ; --                      ; eda_board_design_signal_integrity ;
; EDA_GENERATE_FUNCTIONAL_NETLIST      ; Off                                    ; --              ; --                      ; eda_board_design_symbol           ;
; EDA_NATIVELINK_SIMULATION_TEST_BENCH ; counter_two_bit_tb                     ; --              ; --                      ; eda_simulation                    ;
; EDA_OUTPUT_DATA_FORMAT               ; Systemverilog Hdl                      ; --              ; --                      ; eda_simulation                    ;
; EDA_SIMULATION_TOOL                  ; ModelSim-Altera (SystemVerilog)        ; <None>          ; --                      ; --                                ;
; EDA_TEST_BENCH_ENABLE_STATUS         ; TEST_BENCH_MODE                        ; --              ; --                      ; eda_simulation                    ;
; EDA_TEST_BENCH_FILE                  ; counter_two_bit_tb.sv                  ; --              ; --                      ; counter_two_bit_tb                ;
; EDA_TEST_BENCH_FILE                  ; counter_four_bit_tb.sv                 ; --              ; --                      ; counter_four_bit_tb               ;
; EDA_TEST_BENCH_FILE                  ; counter_tb.sv                          ; --              ; --                      ; counter_tb                        ;
; EDA_TEST_BENCH_MODULE_NAME           ; counter_two_bit_tb                     ; --              ; --                      ; counter_two_bit_tb                ;
; EDA_TEST_BENCH_MODULE_NAME           ; counter_four_bit_tb                    ; --              ; --                      ; counter_four_bit_tb               ;
; EDA_TEST_BENCH_MODULE_NAME           ; counter_tb                             ; --              ; --                      ; counter_tb                        ;
; EDA_TEST_BENCH_NAME                  ; counter_tb                             ; --              ; --                      ; eda_simulation                    ;
; EDA_TEST_BENCH_NAME                  ; counter_two_bit_tb                     ; --              ; --                      ; eda_simulation                    ;
; EDA_TEST_BENCH_NAME                  ; counter_four_bit_tb                    ; --              ; --                      ; eda_simulation                    ;
; EDA_TIME_SCALE                       ; 1 ps                                   ; --              ; --                      ; eda_simulation                    ;
; MAX_CORE_JUNCTION_TEMP               ; 85                                     ; --              ; --                      ; --                                ;
; MIN_CORE_JUNCTION_TEMP               ; 0                                      ; --              ; --                      ; --                                ;
; PARTITION_COLOR                      ; -- (Not supported for targeted family) ; --              ; counter_display_six_bit ; Top                               ;
; PARTITION_FITTER_PRESERVATION_LEVEL  ; -- (Not supported for targeted family) ; --              ; counter_display_six_bit ; Top                               ;
; PARTITION_NETLIST_TYPE               ; -- (Not supported for targeted family) ; --              ; counter_display_six_bit ; Top                               ;
; POWER_BOARD_THERMAL_MODEL            ; None (CONSERVATIVE)                    ; --              ; --                      ; --                                ;
; POWER_PRESET_COOLING_SOLUTION        ; 23 MM HEAT SINK WITH 200 LFPM AIRFLOW  ; --              ; --                      ; --                                ;
; PROJECT_OUTPUT_DIRECTORY             ; output_files                           ; --              ; --                      ; --                                ;
; TOP_LEVEL_ENTITY                     ; counter_display_six_bit                ; Counter_Display ; --                      ; --                                ;
+--------------------------------------+----------------------------------------+-----------------+-------------------------+-----------------------------------+


+--------------------------------------------------------------------------------------------------------------------------+
; Flow Elapsed Time                                                                                                        ;
+----------------------+--------------+-------------------------+---------------------+------------------------------------+
; Module Name          ; Elapsed Time ; Average Processors Used ; Peak Virtual Memory ; Total CPU Time (on all processors) ;
+----------------------+--------------+-------------------------+---------------------+------------------------------------+
; Analysis & Synthesis ; 00:00:10     ; 1.0                     ; 4824 MB             ; 00:00:23                           ;
; Fitter               ; 00:00:43     ; 1.0                     ; 6520 MB             ; 00:01:14                           ;
; Assembler            ; 00:00:07     ; 1.0                     ; 4836 MB             ; 00:00:06                           ;
; Timing Analyzer      ; 00:00:05     ; 1.0                     ; 5115 MB             ; 00:00:05                           ;
; EDA Netlist Writer   ; 00:00:02     ; 1.0                     ; 4724 MB             ; 00:00:01                           ;
; Total                ; 00:01:07     ; --                      ; --                  ; 00:01:49                           ;
+----------------------+--------------+-------------------------+---------------------+------------------------------------+


+------------------------------------------------------------------------------------+
; Flow OS Summary                                                                    ;
+----------------------+------------------+------------+------------+----------------+
; Module Name          ; Machine Hostname ; OS Name    ; OS Version ; Processor type ;
+----------------------+------------------+------------+------------+----------------+
; Analysis & Synthesis ; DESKTOP-N7U5SP6  ; Windows 10 ; 10.0       ; x86_64         ;
; Fitter               ; DESKTOP-N7U5SP6  ; Windows 10 ; 10.0       ; x86_64         ;
; Assembler            ; DESKTOP-N7U5SP6  ; Windows 10 ; 10.0       ; x86_64         ;
; Timing Analyzer      ; DESKTOP-N7U5SP6  ; Windows 10 ; 10.0       ; x86_64         ;
; EDA Netlist Writer   ; DESKTOP-N7U5SP6  ; Windows 10 ; 10.0       ; x86_64         ;
+----------------------+------------------+------------+------------+----------------+


------------
; Flow Log ;
------------
quartus_map --read_settings_files=on --write_settings_files=off Counter_Display -c Counter_Display
quartus_fit --read_settings_files=off --write_settings_files=off Counter_Display -c Counter_Display
quartus_asm --read_settings_files=off --write_settings_files=off Counter_Display -c Counter_Display
quartus_sta Counter_Display -c Counter_Display
quartus_eda --read_settings_files=off --write_settings_files=off Counter_Display -c Counter_Display



