Analysis & Synthesis report for Counter_Display
Wed Aug 17 17:38:42 2022
Quartus Prime Version 20.1.0 Build 711 06/05/2020 SJ Lite Edition


---------------------
; Table of Contents ;
---------------------
  1. Legal Notice
  2. Analysis & Synthesis Summary
  3. Analysis & Synthesis Settings
  4. Parallel Compilation
  5. Analysis & Synthesis Source Files Read
  6. Analysis & Synthesis Resource Usage Summary
  7. Analysis & Synthesis Resource Utilization by Entity
  8. General Register Statistics
  9. Parameter Settings for User Entity Instance: counter:co1
 10. Port Connectivity Checks: "bit_to_display:h5|decoder:d1"
 11. Port Connectivity Checks: "counter:co1"
 12. Post-Synthesis Netlist Statistics for Top Partition
 13. Elapsed Time Per Partition
 14. Analysis & Synthesis Messages



----------------
; Legal Notice ;
----------------
Copyright (C) 2020  Intel Corporation. All rights reserved.
Your use of Intel Corporation's design tools, logic functions 
and other software and tools, and any partner logic 
functions, and any output files from any of the foregoing 
(including device programming or simulation files), and any 
associated documentation or information are expressly subject 
to the terms and conditions of the Intel Program License 
Subscription Agreement, the Intel Quartus Prime License Agreement,
the Intel FPGA IP License Agreement, or other applicable license
agreement, including, without limitation, that your use is for
the sole purpose of programming logic devices manufactured by
Intel and sold by Intel or its authorized distributors.  Please
refer to the applicable agreement for further details, at
https://fpgasoftware.intel.com/eula.



+-------------------------------------------------------------------------------+
; Analysis & Synthesis Summary                                                  ;
+---------------------------------+---------------------------------------------+
; Analysis & Synthesis Status     ; Successful - Wed Aug 17 17:38:42 2022       ;
; Quartus Prime Version           ; 20.1.0 Build 711 06/05/2020 SJ Lite Edition ;
; Revision Name                   ; Counter_Display                             ;
; Top-level Entity Name           ; counter_display_six_bit                     ;
; Family                          ; Cyclone V                                   ;
; Logic utilization (in ALMs)     ; N/A                                         ;
; Total registers                 ; 6                                           ;
; Total pins                      ; 50                                          ;
; Total virtual pins              ; 0                                           ;
; Total block memory bits         ; 0                                           ;
; Total DSP Blocks                ; 0                                           ;
; Total HSSI RX PCSs              ; 0                                           ;
; Total HSSI PMA RX Deserializers ; 0                                           ;
; Total HSSI TX PCSs              ; 0                                           ;
; Total HSSI PMA TX Serializers   ; 0                                           ;
; Total PLLs                      ; 0                                           ;
; Total DLLs                      ; 0                                           ;
+---------------------------------+---------------------------------------------+


+--------------------------------------------------------------------------------------------------------------------------------+
; Analysis & Synthesis Settings                                                                                                  ;
+---------------------------------------------------------------------------------+-------------------------+--------------------+
; Option                                                                          ; Setting                 ; Default Value      ;
+---------------------------------------------------------------------------------+-------------------------+--------------------+
; Device                                                                          ; 5CSEMA5F31C6            ;                    ;
; Top-level entity name                                                           ; counter_display_six_bit ; Counter_Display    ;
; Family name                                                                     ; Cyclone V               ; Cyclone V          ;
; Use smart compilation                                                           ; Off                     ; Off                ;
; Enable parallel Assembler and Timing Analyzer during compilation                ; On                      ; On                 ;
; Enable compact report table                                                     ; Off                     ; Off                ;
; Restructure Multiplexers                                                        ; Auto                    ; Auto               ;
; MLAB Add Timing Constraints For Mixed-Port Feed-Through Mode Setting Don't Care ; Off                     ; Off                ;
; Create Debugging Nodes for IP Cores                                             ; Off                     ; Off                ;
; Preserve fewer node names                                                       ; On                      ; On                 ;
; Intel FPGA IP Evaluation Mode                                                   ; Enable                  ; Enable             ;
; Verilog Version                                                                 ; Verilog_2001            ; Verilog_2001       ;
; VHDL Version                                                                    ; VHDL_1993               ; VHDL_1993          ;
; State Machine Processing                                                        ; Auto                    ; Auto               ;
; Safe State Machine                                                              ; Off                     ; Off                ;
; Extract Verilog State Machines                                                  ; On                      ; On                 ;
; Extract VHDL State Machines                                                     ; On                      ; On                 ;
; Ignore Verilog initial constructs                                               ; Off                     ; Off                ;
; Iteration limit for constant Verilog loops                                      ; 5000                    ; 5000               ;
; Iteration limit for non-constant Verilog loops                                  ; 250                     ; 250                ;
; Add Pass-Through Logic to Inferred RAMs                                         ; On                      ; On                 ;
; Infer RAMs from Raw Logic                                                       ; On                      ; On                 ;
; Parallel Synthesis                                                              ; On                      ; On                 ;
; DSP Block Balancing                                                             ; Auto                    ; Auto               ;
; NOT Gate Push-Back                                                              ; On                      ; On                 ;
; Power-Up Don't Care                                                             ; On                      ; On                 ;
; Remove Redundant Logic Cells                                                    ; Off                     ; Off                ;
; Remove Duplicate Registers                                                      ; On                      ; On                 ;
; Ignore CARRY Buffers                                                            ; Off                     ; Off                ;
; Ignore CASCADE Buffers                                                          ; Off                     ; Off                ;
; Ignore GLOBAL Buffers                                                           ; Off                     ; Off                ;
; Ignore ROW GLOBAL Buffers                                                       ; Off                     ; Off                ;
; Ignore LCELL Buffers                                                            ; Off                     ; Off                ;
; Ignore SOFT Buffers                                                             ; On                      ; On                 ;
; Limit AHDL Integers to 32 Bits                                                  ; Off                     ; Off                ;
; Optimization Technique                                                          ; Balanced                ; Balanced           ;
; Carry Chain Length                                                              ; 70                      ; 70                 ;
; Auto Carry Chains                                                               ; On                      ; On                 ;
; Auto Open-Drain Pins                                                            ; On                      ; On                 ;
; Perform WYSIWYG Primitive Resynthesis                                           ; Off                     ; Off                ;
; Auto ROM Replacement                                                            ; On                      ; On                 ;
; Auto RAM Replacement                                                            ; On                      ; On                 ;
; Auto DSP Block Replacement                                                      ; On                      ; On                 ;
; Auto Shift Register Replacement                                                 ; Auto                    ; Auto               ;
; Allow Shift Register Merging across Hierarchies                                 ; Auto                    ; Auto               ;
; Auto Clock Enable Replacement                                                   ; On                      ; On                 ;
; Strict RAM Replacement                                                          ; Off                     ; Off                ;
; Allow Synchronous Control Signals                                               ; On                      ; On                 ;
; Force Use of Synchronous Clear Signals                                          ; Off                     ; Off                ;
; Auto Resource Sharing                                                           ; Off                     ; Off                ;
; Allow Any RAM Size For Recognition                                              ; Off                     ; Off                ;
; Allow Any ROM Size For Recognition                                              ; Off                     ; Off                ;
; Allow Any Shift Register Size For Recognition                                   ; Off                     ; Off                ;
; Use LogicLock Constraints during Resource Balancing                             ; On                      ; On                 ;
; Ignore translate_off and synthesis_off directives                               ; Off                     ; Off                ;
; Timing-Driven Synthesis                                                         ; On                      ; On                 ;
; Report Parameter Settings                                                       ; On                      ; On                 ;
; Report Source Assignments                                                       ; On                      ; On                 ;
; Report Connectivity Checks                                                      ; On                      ; On                 ;
; Ignore Maximum Fan-Out Assignments                                              ; Off                     ; Off                ;
; Synchronization Register Chain Length                                           ; 3                       ; 3                  ;
; Power Optimization During Synthesis                                             ; Normal compilation      ; Normal compilation ;
; HDL message level                                                               ; Level2                  ; Level2             ;
; Suppress Register Optimization Related Messages                                 ; Off                     ; Off                ;
; Number of Removed Registers Reported in Synthesis Report                        ; 5000                    ; 5000               ;
; Number of Swept Nodes Reported in Synthesis Report                              ; 5000                    ; 5000               ;
; Number of Inverted Registers Reported in Synthesis Report                       ; 100                     ; 100                ;
; Clock MUX Protection                                                            ; On                      ; On                 ;
; Auto Gated Clock Conversion                                                     ; Off                     ; Off                ;
; Block Design Naming                                                             ; Auto                    ; Auto               ;
; SDC constraint protection                                                       ; Off                     ; Off                ;
; Synthesis Effort                                                                ; Auto                    ; Auto               ;
; Shift Register Replacement - Allow Asynchronous Clear Signal                    ; On                      ; On                 ;
; Pre-Mapping Resynthesis Optimization                                            ; Off                     ; Off                ;
; Analysis & Synthesis Message Level                                              ; Medium                  ; Medium             ;
; Disable Register Merging Across Hierarchies                                     ; Auto                    ; Auto               ;
; Resource Aware Inference For Block RAM                                          ; On                      ; On                 ;
; Automatic Parallel Synthesis                                                    ; On                      ; On                 ;
; Partial Reconfiguration Bitstream ID                                            ; Off                     ; Off                ;
+---------------------------------------------------------------------------------+-------------------------+--------------------+


+------------------------------------------+
; Parallel Compilation                     ;
+----------------------------+-------------+
; Processors                 ; Number      ;
+----------------------------+-------------+
; Number detected on machine ; 8           ;
; Maximum allowed            ; 4           ;
;                            ;             ;
; Average used               ; 1.00        ;
; Maximum used               ; 4           ;
;                            ;             ;
; Usage by Processor         ; % Time Used ;
;     Processor 1            ; 100.0%      ;
;     Processors 2-4         ;   0.0%      ;
+----------------------------+-------------+


+--------------------------------------------------------------------------------------------------------------------------------------------------------------------------------------+
; Analysis & Synthesis Source Files Read                                                                                                                                               ;
+----------------------------------+-----------------+------------------------------+----------------------------------------------------------------------------------------+---------+
; File Name with User-Entered Path ; Used in Netlist ; File Type                    ; File Name with Absolute Path                                                           ; Library ;
+----------------------------------+-----------------+------------------------------+----------------------------------------------------------------------------------------+---------+
; counter.sv                       ; yes             ; User SystemVerilog HDL File  ; C:/TEC/Segundo Semestre 2022/taller/lab 2/lab 2/Ejercicio 3/counter.sv                 ;         ;
; counter_display_six_bit.sv       ; yes             ; User SystemVerilog HDL File  ; C:/TEC/Segundo Semestre 2022/taller/lab 2/lab 2/Ejercicio 3/counter_display_six_bit.sv ;         ;
; bit_to_display.sv                ; yes             ; User SystemVerilog HDL File  ; C:/TEC/Segundo Semestre 2022/taller/lab 2/lab 2/Ejercicio 3/bit_to_display.sv          ;         ;
; decoder.sv                       ; yes             ; User SystemVerilog HDL File  ; C:/TEC/Segundo Semestre 2022/taller/lab 2/lab 2/Ejercicio 3/decoder.sv                 ;         ;
+----------------------------------+-----------------+------------------------------+----------------------------------------------------------------------------------------+---------+


+---------------------------------------------------------+
; Analysis & Synthesis Resource Usage Summary             ;
+---------------------------------------------+-----------+
; Resource                                    ; Usage     ;
+---------------------------------------------+-----------+
; Estimate of Logic utilization (ALMs needed) ; 11        ;
;                                             ;           ;
; Combinational ALUT usage for logic          ; 22        ;
;     -- 7 input functions                    ; 0         ;
;     -- 6 input functions                    ; 0         ;
;     -- 5 input functions                    ; 0         ;
;     -- 4 input functions                    ; 11        ;
;     -- <=3 input functions                  ; 11        ;
;                                             ;           ;
; Dedicated logic registers                   ; 6         ;
;                                             ;           ;
; I/O pins                                    ; 50        ;
;                                             ;           ;
; Total DSP Blocks                            ; 0         ;
;                                             ;           ;
; Maximum fan-out node                        ; rst~input ;
; Maximum fan-out                             ; 18        ;
; Total fan-out                               ; 165       ;
; Average fan-out                             ; 1.29      ;
+---------------------------------------------+-----------+


+---------------------------------------------------------------------------------------------------------------------------------------------------------------------------------------------------------------------+
; Analysis & Synthesis Resource Utilization by Entity                                                                                                                                                                 ;
+----------------------------+---------------------+---------------------------+-------------------+------------+------+--------------+--------------------------------------+-------------------------+--------------+
; Compilation Hierarchy Node ; Combinational ALUTs ; Dedicated Logic Registers ; Block Memory Bits ; DSP Blocks ; Pins ; Virtual Pins ; Full Hierarchy Name                  ; Entity Name             ; Library Name ;
+----------------------------+---------------------+---------------------------+-------------------+------------+------+--------------+--------------------------------------+-------------------------+--------------+
; |counter_display_six_bit   ; 22 (0)              ; 6 (0)                     ; 0                 ; 0          ; 50   ; 0            ; |counter_display_six_bit             ; counter_display_six_bit ; work         ;
;    |counter:co1|           ; 22 (22)             ; 6 (6)                     ; 0                 ; 0          ; 0    ; 0            ; |counter_display_six_bit|counter:co1 ; counter                 ; work         ;
+----------------------------+---------------------+---------------------------+-------------------+------------+------+--------------+--------------------------------------+-------------------------+--------------+
Note: For table entries with two numbers listed, the numbers in parentheses indicate the number of resources of the given type used by the specific entity alone. The numbers listed outside of parentheses indicate the total resources of the given type used by the specific entity and all of its sub-entities in the hierarchy.


+------------------------------------------------------+
; General Register Statistics                          ;
+----------------------------------------------+-------+
; Statistic                                    ; Value ;
+----------------------------------------------+-------+
; Total registers                              ; 6     ;
; Number of registers using Synchronous Clear  ; 0     ;
; Number of registers using Synchronous Load   ; 0     ;
; Number of registers using Asynchronous Clear ; 6     ;
; Number of registers using Asynchronous Load  ; 0     ;
; Number of registers using Clock Enable       ; 0     ;
; Number of registers using Preset             ; 0     ;
+----------------------------------------------+-------+


+----------------------------------------------------------+
; Parameter Settings for User Entity Instance: counter:co1 ;
+----------------+-------+---------------------------------+
; Parameter Name ; Value ; Type                            ;
+----------------+-------+---------------------------------+
; N              ; 6     ; Signed Integer                  ;
+----------------+-------+---------------------------------+
Note: In order to hide this table in the UI and the text report file, please set the "Show Parameter Settings in Synthesis Report" option in "Analysis and Synthesis Settings -> More Settings" to "Off".


+----------------------------------------------------------+
; Port Connectivity Checks: "bit_to_display:h5|decoder:d1" ;
+------+-------+----------+--------------------------------+
; Port ; Type  ; Severity ; Details                        ;
+------+-------+----------+--------------------------------+
; a[2] ; Input ; Info     ; Stuck at VCC                   ;
; a[0] ; Input ; Info     ; Stuck at GND                   ;
+------+-------+----------+--------------------------------+


+---------------------------------------------------------------------------------------------------------------------------------------------------------------------------------------------------------------+
; Port Connectivity Checks: "counter:co1"                                                                                                                                                                       ;
+-------+-------+----------+------------------------------------------------------------------------------------------------------------------------------------------------------------------------------------+
; Port  ; Type  ; Severity ; Details                                                                                                                                                                            ;
+-------+-------+----------+------------------------------------------------------------------------------------------------------------------------------------------------------------------------------------+
; a     ; Input ; Warning  ; Input port expression (32 bits) is wider than the input port (1 bits) it drives.  The 31 most-significant bit(s) in the expression will be dangling if they have no other fanouts. ;
; a[-1] ; Input ; Info     ; Stuck at VCC                                                                                                                                                                       ;
+-------+-------+----------+------------------------------------------------------------------------------------------------------------------------------------------------------------------------------------+


+-----------------------------------------------------+
; Post-Synthesis Netlist Statistics for Top Partition ;
+-----------------------+-----------------------------+
; Type                  ; Count                       ;
+-----------------------+-----------------------------+
; arriav_ff             ; 6                           ;
;     CLR               ; 6                           ;
; arriav_lcell_comb     ; 24                          ;
;     normal            ; 24                          ;
;         0 data inputs ; 2                           ;
;         2 data inputs ; 4                           ;
;         3 data inputs ; 7                           ;
;         4 data inputs ; 11                          ;
; boundary_port         ; 50                          ;
;                       ;                             ;
; Max LUT depth         ; 3.00                        ;
; Average LUT depth     ; 2.30                        ;
+-----------------------+-----------------------------+


+-------------------------------+
; Elapsed Time Per Partition    ;
+----------------+--------------+
; Partition Name ; Elapsed Time ;
+----------------+--------------+
; Top            ; 00:00:00     ;
+----------------+--------------+


+-------------------------------+
; Analysis & Synthesis Messages ;
+-------------------------------+
Info: *******************************************************************
Info: Running Quartus Prime Analysis & Synthesis
    Info: Version 20.1.0 Build 711 06/05/2020 SJ Lite Edition
    Info: Processing started: Wed Aug 17 17:38:32 2022
Info: Command: quartus_map --read_settings_files=on --write_settings_files=off Counter_Display -c Counter_Display
Warning (18236): Number of processors has not been specified which may cause overloading on shared machines.  Set the global assignment NUM_PARALLEL_PROCESSORS in your QSF to an appropriate value for best performance.
Info (20030): Parallel compilation is enabled and will use 4 of the 4 processors detected
Info (12021): Found 1 design units, including 1 entities, in source file counter.sv
    Info (12023): Found entity 1: counter File: C:/TEC/Segundo Semestre 2022/taller/lab 2/lab 2/Ejercicio 3/counter.sv Line: 1
Info (12021): Found 1 design units, including 1 entities, in source file counter_tb.sv
    Info (12023): Found entity 1: counter_tb File: C:/TEC/Segundo Semestre 2022/taller/lab 2/lab 2/Ejercicio 3/counter_tb.sv Line: 1
Info (12021): Found 1 design units, including 1 entities, in source file counter_display_six_bit.sv
    Info (12023): Found entity 1: counter_display_six_bit File: C:/TEC/Segundo Semestre 2022/taller/lab 2/lab 2/Ejercicio 3/counter_display_six_bit.sv Line: 1
Info (12021): Found 1 design units, including 1 entities, in source file bit_to_display.sv
    Info (12023): Found entity 1: bit_to_display File: C:/TEC/Segundo Semestre 2022/taller/lab 2/lab 2/Ejercicio 3/bit_to_display.sv Line: 1
Info (12021): Found 1 design units, including 1 entities, in source file decoder.sv
    Info (12023): Found entity 1: decoder File: C:/TEC/Segundo Semestre 2022/taller/lab 2/lab 2/Ejercicio 3/decoder.sv Line: 1
Info (12127): Elaborating entity "counter_display_six_bit" for the top level hierarchy
Info (12128): Elaborating entity "counter" for hierarchy "counter:co1" File: C:/TEC/Segundo Semestre 2022/taller/lab 2/lab 2/Ejercicio 3/counter_display_six_bit.sv Line: 4
Warning (10235): Verilog HDL Always Construct warning at counter.sv(18): variable "state" is read inside the Always Construct but isn't in the Always Construct's Event Control File: C:/TEC/Segundo Semestre 2022/taller/lab 2/lab 2/Ejercicio 3/counter.sv Line: 18
Warning (10230): Verilog HDL assignment warning at counter.sv(20): truncated value with size 32 to match size of target (6) File: C:/TEC/Segundo Semestre 2022/taller/lab 2/lab 2/Ejercicio 3/counter.sv Line: 20
Warning (10235): Verilog HDL Always Construct warning at counter.sv(21): variable "state" is read inside the Always Construct but isn't in the Always Construct's Event Control File: C:/TEC/Segundo Semestre 2022/taller/lab 2/lab 2/Ejercicio 3/counter.sv Line: 21
Warning (10230): Verilog HDL assignment warning at counter.sv(21): truncated value with size 32 to match size of target (6) File: C:/TEC/Segundo Semestre 2022/taller/lab 2/lab 2/Ejercicio 3/counter.sv Line: 21
Warning (10235): Verilog HDL Always Construct warning at counter.sv(25): variable "state" is read inside the Always Construct but isn't in the Always Construct's Event Control File: C:/TEC/Segundo Semestre 2022/taller/lab 2/lab 2/Ejercicio 3/counter.sv Line: 25
Info (12128): Elaborating entity "bit_to_display" for hierarchy "bit_to_display:h5" File: C:/TEC/Segundo Semestre 2022/taller/lab 2/lab 2/Ejercicio 3/counter_display_six_bit.sv Line: 5
Info (12128): Elaborating entity "decoder" for hierarchy "bit_to_display:h5|decoder:d1" File: C:/TEC/Segundo Semestre 2022/taller/lab 2/lab 2/Ejercicio 3/bit_to_display.sv Line: 4
Warning (12241): 1 hierarchies have connectivity warnings - see the Connectivity Checks report folder
Warning (13004): Presettable and clearable registers converted to equivalent circuits with latches. Registers power-up to an undefined state, and DEVCLRn places the registers in an undefined state.
    Warning (13310): Register "counter:co1|state[5]" is converted into an equivalent circuit using register "counter:co1|state[5]~_emulated" and latch "counter:co1|state[5]~1" File: C:/TEC/Segundo Semestre 2022/taller/lab 2/lab 2/Ejercicio 3/counter.sv Line: 10
    Warning (13310): Register "counter:co1|state[4]" is converted into an equivalent circuit using register "counter:co1|state[4]~_emulated" and latch "counter:co1|state[4]~5" File: C:/TEC/Segundo Semestre 2022/taller/lab 2/lab 2/Ejercicio 3/counter.sv Line: 10
    Warning (13310): Register "counter:co1|state[3]" is converted into an equivalent circuit using register "counter:co1|state[3]~_emulated" and latch "counter:co1|state[3]~9" File: C:/TEC/Segundo Semestre 2022/taller/lab 2/lab 2/Ejercicio 3/counter.sv Line: 10
    Warning (13310): Register "counter:co1|state[2]" is converted into an equivalent circuit using register "counter:co1|state[2]~_emulated" and latch "counter:co1|state[2]~13" File: C:/TEC/Segundo Semestre 2022/taller/lab 2/lab 2/Ejercicio 3/counter.sv Line: 10
    Warning (13310): Register "counter:co1|state[1]" is converted into an equivalent circuit using register "counter:co1|state[1]~_emulated" and latch "counter:co1|state[1]~17" File: C:/TEC/Segundo Semestre 2022/taller/lab 2/lab 2/Ejercicio 3/counter.sv Line: 10
    Warning (13310): Register "counter:co1|state[0]" is converted into an equivalent circuit using register "counter:co1|state[0]~_emulated" and latch "counter:co1|state[0]~21" File: C:/TEC/Segundo Semestre 2022/taller/lab 2/lab 2/Ejercicio 3/counter.sv Line: 10
Warning (13024): Output pins are stuck at VCC or GND
    Warning (13410): Pin "c5[0]" is stuck at VCC File: C:/TEC/Segundo Semestre 2022/taller/lab 2/lab 2/Ejercicio 3/counter_display_six_bit.sv Line: 1
    Warning (13410): Pin "c5[1]" is stuck at GND File: C:/TEC/Segundo Semestre 2022/taller/lab 2/lab 2/Ejercicio 3/counter_display_six_bit.sv Line: 1
    Warning (13410): Pin "c5[2]" is stuck at GND File: C:/TEC/Segundo Semestre 2022/taller/lab 2/lab 2/Ejercicio 3/counter_display_six_bit.sv Line: 1
    Warning (13410): Pin "c4[0]" is stuck at VCC File: C:/TEC/Segundo Semestre 2022/taller/lab 2/lab 2/Ejercicio 3/counter_display_six_bit.sv Line: 1
    Warning (13410): Pin "c4[1]" is stuck at GND File: C:/TEC/Segundo Semestre 2022/taller/lab 2/lab 2/Ejercicio 3/counter_display_six_bit.sv Line: 1
    Warning (13410): Pin "c4[2]" is stuck at GND File: C:/TEC/Segundo Semestre 2022/taller/lab 2/lab 2/Ejercicio 3/counter_display_six_bit.sv Line: 1
    Warning (13410): Pin "c3[0]" is stuck at VCC File: C:/TEC/Segundo Semestre 2022/taller/lab 2/lab 2/Ejercicio 3/counter_display_six_bit.sv Line: 1
    Warning (13410): Pin "c3[1]" is stuck at GND File: C:/TEC/Segundo Semestre 2022/taller/lab 2/lab 2/Ejercicio 3/counter_display_six_bit.sv Line: 1
    Warning (13410): Pin "c3[2]" is stuck at GND File: C:/TEC/Segundo Semestre 2022/taller/lab 2/lab 2/Ejercicio 3/counter_display_six_bit.sv Line: 1
    Warning (13410): Pin "c2[0]" is stuck at VCC File: C:/TEC/Segundo Semestre 2022/taller/lab 2/lab 2/Ejercicio 3/counter_display_six_bit.sv Line: 1
    Warning (13410): Pin "c2[1]" is stuck at GND File: C:/TEC/Segundo Semestre 2022/taller/lab 2/lab 2/Ejercicio 3/counter_display_six_bit.sv Line: 1
    Warning (13410): Pin "c2[2]" is stuck at GND File: C:/TEC/Segundo Semestre 2022/taller/lab 2/lab 2/Ejercicio 3/counter_display_six_bit.sv Line: 1
    Warning (13410): Pin "c1[0]" is stuck at VCC File: C:/TEC/Segundo Semestre 2022/taller/lab 2/lab 2/Ejercicio 3/counter_display_six_bit.sv Line: 1
    Warning (13410): Pin "c1[1]" is stuck at GND File: C:/TEC/Segundo Semestre 2022/taller/lab 2/lab 2/Ejercicio 3/counter_display_six_bit.sv Line: 1
    Warning (13410): Pin "c1[2]" is stuck at GND File: C:/TEC/Segundo Semestre 2022/taller/lab 2/lab 2/Ejercicio 3/counter_display_six_bit.sv Line: 1
    Warning (13410): Pin "c0[0]" is stuck at VCC File: C:/TEC/Segundo Semestre 2022/taller/lab 2/lab 2/Ejercicio 3/counter_display_six_bit.sv Line: 1
    Warning (13410): Pin "c0[1]" is stuck at GND File: C:/TEC/Segundo Semestre 2022/taller/lab 2/lab 2/Ejercicio 3/counter_display_six_bit.sv Line: 1
    Warning (13410): Pin "c0[2]" is stuck at GND File: C:/TEC/Segundo Semestre 2022/taller/lab 2/lab 2/Ejercicio 3/counter_display_six_bit.sv Line: 1
Info (286030): Timing-Driven Synthesis is running
Info (16010): Generating hard_block partition "hard_block:auto_generated_inst"
    Info (16011): Adding 0 node(s), including 0 DDIO, 0 PLL, 0 transceiver and 0 LCELL
Info (21057): Implemented 72 device resources after synthesis - the final resource count might be different
    Info (21058): Implemented 8 input pins
    Info (21059): Implemented 42 output pins
    Info (21061): Implemented 22 logic cells
Info: Quartus Prime Analysis & Synthesis was successful. 0 errors, 33 warnings
    Info: Peak virtual memory: 4824 megabytes
    Info: Processing ended: Wed Aug 17 17:38:42 2022
    Info: Elapsed time: 00:00:10
    Info: Total CPU time (on all processors): 00:00:25


