Analysis & Synthesis report for Sumador
Wed Aug 17 19:16:07 2022
Quartus Prime Version 20.1.1 Build 720 11/11/2020 SJ Lite Edition


---------------------
; Table of Contents ;
---------------------
  1. Legal Notice
  2. Analysis & Synthesis Summary
  3. Analysis & Synthesis Settings
  4. Parallel Compilation
  5. Analysis & Synthesis Source Files Read
  6. Analysis & Synthesis Resource Usage Summary
  7. Analysis & Synthesis Resource Utilization by Entity
  8. General Register Statistics
  9. Multiplexer Restructuring Statistics (Restructuring Performed)
 10. Port Connectivity Checks: "decoderBCD4to7segments:deco2"
 11. Port Connectivity Checks: "sumador_5b:Sum"
 12. Post-Synthesis Netlist Statistics for Top Partition
 13. Elapsed Time Per Partition
 14. Analysis & Synthesis Messages



----------------
; Legal Notice ;
----------------
Copyright (C) 2020  Intel Corporation. All rights reserved.
Your use of Intel Corporation's design tools, logic functions 
and other software and tools, and any partner logic 
functions, and any output files from any of the foregoing 
(including device programming or simulation files), and any 
associated documentation or information are expressly subject 
to the terms and conditions of the Intel Program License 
Subscription Agreement, the Intel Quartus Prime License Agreement,
the Intel FPGA IP License Agreement, or other applicable license
agreement, including, without limitation, that your use is for
the sole purpose of programming logic devices manufactured by
Intel and sold by Intel or its authorized distributors.  Please
refer to the applicable agreement for further details, at
https://fpgasoftware.intel.com/eula.



+-------------------------------------------------------------------------------+
; Analysis & Synthesis Summary                                                  ;
+---------------------------------+---------------------------------------------+
; Analysis & Synthesis Status     ; Successful - Wed Aug 17 19:16:07 2022       ;
; Quartus Prime Version           ; 20.1.1 Build 720 11/11/2020 SJ Lite Edition ;
; Revision Name                   ; Sumador                                     ;
; Top-level Entity Name           ; programa_ejercicio_2                        ;
; Family                          ; Cyclone V                                   ;
; Logic utilization (in ALMs)     ; N/A                                         ;
; Total registers                 ; 0                                           ;
; Total pins                      ; 24                                          ;
; Total virtual pins              ; 0                                           ;
; Total block memory bits         ; 0                                           ;
; Total DSP Blocks                ; 0                                           ;
; Total HSSI RX PCSs              ; 0                                           ;
; Total HSSI PMA RX Deserializers ; 0                                           ;
; Total HSSI TX PCSs              ; 0                                           ;
; Total HSSI PMA TX Serializers   ; 0                                           ;
; Total PLLs                      ; 0                                           ;
; Total DLLs                      ; 0                                           ;
+---------------------------------+---------------------------------------------+


+-----------------------------------------------------------------------------------------------------------------------------+
; Analysis & Synthesis Settings                                                                                               ;
+---------------------------------------------------------------------------------+----------------------+--------------------+
; Option                                                                          ; Setting              ; Default Value      ;
+---------------------------------------------------------------------------------+----------------------+--------------------+
; Device                                                                          ; 5CSEMA5F31C6         ;                    ;
; Top-level entity name                                                           ; programa_ejercicio_2 ; Sumador            ;
; Family name                                                                     ; Cyclone V            ; Cyclone V          ;
; VHDL Show LMF Mapping Messages                                                  ; Off                  ;                    ;
; VHDL Version                                                                    ; VHDL_2008            ; VHDL_1993          ;
; Use smart compilation                                                           ; Off                  ; Off                ;
; Enable parallel Assembler and Timing Analyzer during compilation                ; On                   ; On                 ;
; Enable compact report table                                                     ; Off                  ; Off                ;
; Restructure Multiplexers                                                        ; Auto                 ; Auto               ;
; MLAB Add Timing Constraints For Mixed-Port Feed-Through Mode Setting Don't Care ; Off                  ; Off                ;
; Create Debugging Nodes for IP Cores                                             ; Off                  ; Off                ;
; Preserve fewer node names                                                       ; On                   ; On                 ;
; Intel FPGA IP Evaluation Mode                                                   ; Enable               ; Enable             ;
; Verilog Version                                                                 ; Verilog_2001         ; Verilog_2001       ;
; State Machine Processing                                                        ; Auto                 ; Auto               ;
; Safe State Machine                                                              ; Off                  ; Off                ;
; Extract Verilog State Machines                                                  ; On                   ; On                 ;
; Extract VHDL State Machines                                                     ; On                   ; On                 ;
; Ignore Verilog initial constructs                                               ; Off                  ; Off                ;
; Iteration limit for constant Verilog loops                                      ; 5000                 ; 5000               ;
; Iteration limit for non-constant Verilog loops                                  ; 250                  ; 250                ;
; Add Pass-Through Logic to Inferred RAMs                                         ; On                   ; On                 ;
; Infer RAMs from Raw Logic                                                       ; On                   ; On                 ;
; Parallel Synthesis                                                              ; On                   ; On                 ;
; DSP Block Balancing                                                             ; Auto                 ; Auto               ;
; NOT Gate Push-Back                                                              ; On                   ; On                 ;
; Power-Up Don't Care                                                             ; On                   ; On                 ;
; Remove Redundant Logic Cells                                                    ; Off                  ; Off                ;
; Remove Duplicate Registers                                                      ; On                   ; On                 ;
; Ignore CARRY Buffers                                                            ; Off                  ; Off                ;
; Ignore CASCADE Buffers                                                          ; Off                  ; Off                ;
; Ignore GLOBAL Buffers                                                           ; Off                  ; Off                ;
; Ignore ROW GLOBAL Buffers                                                       ; Off                  ; Off                ;
; Ignore LCELL Buffers                                                            ; Off                  ; Off                ;
; Ignore SOFT Buffers                                                             ; On                   ; On                 ;
; Limit AHDL Integers to 32 Bits                                                  ; Off                  ; Off                ;
; Optimization Technique                                                          ; Balanced             ; Balanced           ;
; Carry Chain Length                                                              ; 70                   ; 70                 ;
; Auto Carry Chains                                                               ; On                   ; On                 ;
; Auto Open-Drain Pins                                                            ; On                   ; On                 ;
; Perform WYSIWYG Primitive Resynthesis                                           ; Off                  ; Off                ;
; Auto ROM Replacement                                                            ; On                   ; On                 ;
; Auto RAM Replacement                                                            ; On                   ; On                 ;
; Auto DSP Block Replacement                                                      ; On                   ; On                 ;
; Auto Shift Register Replacement                                                 ; Auto                 ; Auto               ;
; Allow Shift Register Merging across Hierarchies                                 ; Auto                 ; Auto               ;
; Auto Clock Enable Replacement                                                   ; On                   ; On                 ;
; Strict RAM Replacement                                                          ; Off                  ; Off                ;
; Allow Synchronous Control Signals                                               ; On                   ; On                 ;
; Force Use of Synchronous Clear Signals                                          ; Off                  ; Off                ;
; Auto Resource Sharing                                                           ; Off                  ; Off                ;
; Allow Any RAM Size For Recognition                                              ; Off                  ; Off                ;
; Allow Any ROM Size For Recognition                                              ; Off                  ; Off                ;
; Allow Any Shift Register Size For Recognition                                   ; Off                  ; Off                ;
; Use LogicLock Constraints during Resource Balancing                             ; On                   ; On                 ;
; Ignore translate_off and synthesis_off directives                               ; Off                  ; Off                ;
; Timing-Driven Synthesis                                                         ; On                   ; On                 ;
; Report Parameter Settings                                                       ; On                   ; On                 ;
; Report Source Assignments                                                       ; On                   ; On                 ;
; Report Connectivity Checks                                                      ; On                   ; On                 ;
; Ignore Maximum Fan-Out Assignments                                              ; Off                  ; Off                ;
; Synchronization Register Chain Length                                           ; 3                    ; 3                  ;
; Power Optimization During Synthesis                                             ; Normal compilation   ; Normal compilation ;
; HDL message level                                                               ; Level2               ; Level2             ;
; Suppress Register Optimization Related Messages                                 ; Off                  ; Off                ;
; Number of Removed Registers Reported in Synthesis Report                        ; 5000                 ; 5000               ;
; Number of Swept Nodes Reported in Synthesis Report                              ; 5000                 ; 5000               ;
; Number of Inverted Registers Reported in Synthesis Report                       ; 100                  ; 100                ;
; Clock MUX Protection                                                            ; On                   ; On                 ;
; Auto Gated Clock Conversion                                                     ; Off                  ; Off                ;
; Block Design Naming                                                             ; Auto                 ; Auto               ;
; SDC constraint protection                                                       ; Off                  ; Off                ;
; Synthesis Effort                                                                ; Auto                 ; Auto               ;
; Shift Register Replacement - Allow Asynchronous Clear Signal                    ; On                   ; On                 ;
; Pre-Mapping Resynthesis Optimization                                            ; Off                  ; Off                ;
; Analysis & Synthesis Message Level                                              ; Medium               ; Medium             ;
; Disable Register Merging Across Hierarchies                                     ; Auto                 ; Auto               ;
; Resource Aware Inference For Block RAM                                          ; On                   ; On                 ;
; Automatic Parallel Synthesis                                                    ; On                   ; On                 ;
; Partial Reconfiguration Bitstream ID                                            ; Off                  ; Off                ;
+---------------------------------------------------------------------------------+----------------------+--------------------+


+------------------------------------------+
; Parallel Compilation                     ;
+----------------------------+-------------+
; Processors                 ; Number      ;
+----------------------------+-------------+
; Number detected on machine ; 12          ;
; Maximum allowed            ; 12          ;
;                            ;             ;
; Average used               ; 1.00        ;
; Maximum used               ; 1           ;
;                            ;             ;
; Usage by Processor         ; % Time Used ;
;     Processor 1            ; 100.0%      ;
+----------------------------+-------------+


+-------------------------------------------------------------------------------------------------------------------------------------------------------+
; Analysis & Synthesis Source Files Read                                                                                                                ;
+----------------------------------+-----------------+-----------------+----------------------------------------------------------------------+---------+
; File Name with User-Entered Path ; Used in Netlist ; File Type       ; File Name with Absolute Path                                         ; Library ;
+----------------------------------+-----------------+-----------------+----------------------------------------------------------------------+---------+
; sumador.vhd                      ; yes             ; User VHDL File  ; D:/Git/TallerDise-oLab1/lab 2/Ejercicio 2/sumador.vhd                ;         ;
; sumador_5b.vhd                   ; yes             ; User VHDL File  ; D:/Git/TallerDise-oLab1/lab 2/Ejercicio 2/sumador_5b.vhd             ;         ;
; decoderBCD4to7segments.vhd       ; yes             ; User VHDL File  ; D:/Git/TallerDise-oLab1/lab 2/Ejercicio 2/decoderBCD4to7segments.vhd ;         ;
; programa_ejercicio_2.vhd         ; yes             ; User VHDL File  ; D:/Git/TallerDise-oLab1/lab 2/Ejercicio 2/programa_ejercicio_2.vhd   ;         ;
+----------------------------------+-----------------+-----------------+----------------------------------------------------------------------+---------+


+----------------------------------------------------------------------------+
; Analysis & Synthesis Resource Usage Summary                                ;
+---------------------------------------------+------------------------------+
; Resource                                    ; Usage                        ;
+---------------------------------------------+------------------------------+
; Estimate of Logic utilization (ALMs needed) ; 14                           ;
;                                             ;                              ;
; Combinational ALUT usage for logic          ; 18                           ;
;     -- 7 input functions                    ; 0                            ;
;     -- 6 input functions                    ; 10                           ;
;     -- 5 input functions                    ; 1                            ;
;     -- 4 input functions                    ; 4                            ;
;     -- <=3 input functions                  ; 3                            ;
;                                             ;                              ;
; Dedicated logic registers                   ; 0                            ;
;                                             ;                              ;
; I/O pins                                    ; 24                           ;
;                                             ;                              ;
; Total DSP Blocks                            ; 0                            ;
;                                             ;                              ;
; Maximum fan-out node                        ; sumador_5b:Sum|sumador:S2|Co ;
; Maximum fan-out                             ; 11                           ;
; Total fan-out                               ; 125                          ;
; Average fan-out                             ; 1.89                         ;
+---------------------------------------------+------------------------------+


+-----------------------------------------------------------------------------------------------------------------------------------------------------------------------------------------------------------------------------------------+
; Analysis & Synthesis Resource Utilization by Entity                                                                                                                                                                                     ;
+-----------------------------------+---------------------+---------------------------+-------------------+------------+------+--------------+----------------------------------------------------+------------------------+--------------+
; Compilation Hierarchy Node        ; Combinational ALUTs ; Dedicated Logic Registers ; Block Memory Bits ; DSP Blocks ; Pins ; Virtual Pins ; Full Hierarchy Name                                ; Entity Name            ; Library Name ;
+-----------------------------------+---------------------+---------------------------+-------------------+------------+------+--------------+----------------------------------------------------+------------------------+--------------+
; |programa_ejercicio_2             ; 18 (0)              ; 0 (0)                     ; 0                 ; 0          ; 24   ; 0            ; |programa_ejercicio_2                              ; programa_ejercicio_2   ; work         ;
;    |decoderBCD4to7segments:deco1| ; 7 (7)               ; 0 (0)                     ; 0                 ; 0          ; 0    ; 0            ; |programa_ejercicio_2|decoderBCD4to7segments:deco1 ; decoderBCD4to7segments ; work         ;
;    |decoderBCD4to7segments:deco2| ; 3 (3)               ; 0 (0)                     ; 0                 ; 0          ; 0    ; 0            ; |programa_ejercicio_2|decoderBCD4to7segments:deco2 ; decoderBCD4to7segments ; work         ;
;    |sumador_5b:Sum|               ; 8 (0)               ; 0 (0)                     ; 0                 ; 0          ; 0    ; 0            ; |programa_ejercicio_2|sumador_5b:Sum               ; sumador_5b             ; work         ;
;       |sumador:S0|                ; 1 (1)               ; 0 (0)                     ; 0                 ; 0          ; 0    ; 0            ; |programa_ejercicio_2|sumador_5b:Sum|sumador:S0    ; sumador                ; work         ;
;       |sumador:S1|                ; 1 (1)               ; 0 (0)                     ; 0                 ; 0          ; 0    ; 0            ; |programa_ejercicio_2|sumador_5b:Sum|sumador:S1    ; sumador                ; work         ;
;       |sumador:S2|                ; 2 (2)               ; 0 (0)                     ; 0                 ; 0          ; 0    ; 0            ; |programa_ejercicio_2|sumador_5b:Sum|sumador:S2    ; sumador                ; work         ;
;       |sumador:S3|                ; 1 (1)               ; 0 (0)                     ; 0                 ; 0          ; 0    ; 0            ; |programa_ejercicio_2|sumador_5b:Sum|sumador:S3    ; sumador                ; work         ;
;       |sumador:S4|                ; 3 (3)               ; 0 (0)                     ; 0                 ; 0          ; 0    ; 0            ; |programa_ejercicio_2|sumador_5b:Sum|sumador:S4    ; sumador                ; work         ;
+-----------------------------------+---------------------+---------------------------+-------------------+------------+------+--------------+----------------------------------------------------+------------------------+--------------+
Note: For table entries with two numbers listed, the numbers in parentheses indicate the number of resources of the given type used by the specific entity alone. The numbers listed outside of parentheses indicate the total resources of the given type used by the specific entity and all of its sub-entities in the hierarchy.


+------------------------------------------------------+
; General Register Statistics                          ;
+----------------------------------------------+-------+
; Statistic                                    ; Value ;
+----------------------------------------------+-------+
; Total registers                              ; 0     ;
; Number of registers using Synchronous Clear  ; 0     ;
; Number of registers using Synchronous Load   ; 0     ;
; Number of registers using Asynchronous Clear ; 0     ;
; Number of registers using Asynchronous Load  ; 0     ;
; Number of registers using Clock Enable       ; 0     ;
; Number of registers using Preset             ; 0     ;
+----------------------------------------------+-------+


+--------------------------------------------------------------------------------------------------------------------------------------------------------------------+
; Multiplexer Restructuring Statistics (Restructuring Performed)                                                                                                     ;
+--------------------+-----------+---------------+----------------------+------------------------+------------+------------------------------------------------------+
; Multiplexer Inputs ; Bus Width ; Baseline Area ; Area if Restructured ; Saving if Restructured ; Registered ; Example Multiplexer Output                           ;
+--------------------+-----------+---------------+----------------------+------------------------+------------+------------------------------------------------------+
; 3:1                ; 3 bits    ; 6 LEs         ; 6 LEs                ; 0 LEs                  ; No         ; |programa_ejercicio_2|decoderBCD4to7segments:deco2|f ;
; 4:1                ; 2 bits    ; 4 LEs         ; 4 LEs                ; 0 LEs                  ; No         ; |programa_ejercicio_2|decoderBCD4to7segments:deco2|e ;
+--------------------+-----------+---------------+----------------------+------------------------+------------+------------------------------------------------------+


+----------------------------------------------------------+
; Port Connectivity Checks: "decoderBCD4to7segments:deco2" ;
+------+-------+----------+--------------------------------+
; Port ; Type  ; Severity ; Details                        ;
+------+-------+----------+--------------------------------+
; x3   ; Input ; Info     ; Stuck at GND                   ;
; x2   ; Input ; Info     ; Stuck at GND                   ;
+------+-------+----------+--------------------------------+


+--------------------------------------------+
; Port Connectivity Checks: "sumador_5b:Sum" ;
+------+-------+----------+------------------+
; Port ; Type  ; Severity ; Details          ;
+------+-------+----------+------------------+
; c_in ; Input ; Info     ; Stuck at GND     ;
+------+-------+----------+------------------+


+-----------------------------------------------------+
; Post-Synthesis Netlist Statistics for Top Partition ;
+-----------------------+-----------------------------+
; Type                  ; Count                       ;
+-----------------------+-----------------------------+
; arriav_lcell_comb     ; 23                          ;
;     normal            ; 23                          ;
;         0 data inputs ; 1                           ;
;         1 data inputs ; 4                           ;
;         2 data inputs ; 2                           ;
;         3 data inputs ; 1                           ;
;         4 data inputs ; 4                           ;
;         5 data inputs ; 1                           ;
;         6 data inputs ; 10                          ;
; boundary_port         ; 24                          ;
;                       ;                             ;
; Max LUT depth         ; 4.00                        ;
; Average LUT depth     ; 3.15                        ;
+-----------------------+-----------------------------+


+-------------------------------+
; Elapsed Time Per Partition    ;
+----------------+--------------+
; Partition Name ; Elapsed Time ;
+----------------+--------------+
; Top            ; 00:00:00     ;
+----------------+--------------+


+-------------------------------+
; Analysis & Synthesis Messages ;
+-------------------------------+
Info: *******************************************************************
Info: Running Quartus Prime Analysis & Synthesis
    Info: Version 20.1.1 Build 720 11/11/2020 SJ Lite Edition
    Info: Processing started: Wed Aug 17 19:16:01 2022
Info: Command: quartus_map --read_settings_files=on --write_settings_files=off Sumador -c Sumador
Warning (18236): Number of processors has not been specified which may cause overloading on shared machines.  Set the global assignment NUM_PARALLEL_PROCESSORS in your QSF to an appropriate value for best performance.
Info (20030): Parallel compilation is enabled and will use 12 of the 12 processors detected
Info (12021): Found 2 design units, including 1 entities, in source file sumador.vhd
    Info (12022): Found design unit 1: sumador-compuerta File: D:/Git/TallerDise-oLab1/lab 2/Ejercicio 2/sumador.vhd Line: 12
    Info (12023): Found entity 1: sumador File: D:/Git/TallerDise-oLab1/lab 2/Ejercicio 2/sumador.vhd Line: 3
Info (12021): Found 2 design units, including 1 entities, in source file sumador_5b.vhd
    Info (12022): Found design unit 1: sumador_5b-structural File: D:/Git/TallerDise-oLab1/lab 2/Ejercicio 2/sumador_5b.vhd Line: 12
    Info (12023): Found entity 1: sumador_5b File: D:/Git/TallerDise-oLab1/lab 2/Ejercicio 2/sumador_5b.vhd Line: 3
Info (12021): Found 2 design units, including 1 entities, in source file test_sumadores.vhd
    Info (12022): Found design unit 1: test_sumadores-Testing File: D:/Git/TallerDise-oLab1/lab 2/Ejercicio 2/test_sumadores.vhd Line: 6
    Info (12023): Found entity 1: test_sumadores File: D:/Git/TallerDise-oLab1/lab 2/Ejercicio 2/test_sumadores.vhd Line: 3
Info (12021): Found 2 design units, including 1 entities, in source file decoderbcd4to7segments.vhd
    Info (12022): Found design unit 1: decoderBCD4to7segments-arch File: D:/Git/TallerDise-oLab1/lab 2/Ejercicio 2/decoderBCD4to7segments.vhd Line: 12
    Info (12023): Found entity 1: decoderBCD4to7segments File: D:/Git/TallerDise-oLab1/lab 2/Ejercicio 2/decoderBCD4to7segments.vhd Line: 5
Info (12021): Found 2 design units, including 1 entities, in source file programa_ejercicio_2.vhd
    Info (12022): Found design unit 1: programa_ejercicio_2-execution File: D:/Git/TallerDise-oLab1/lab 2/Ejercicio 2/programa_ejercicio_2.vhd Line: 14
    Info (12023): Found entity 1: programa_ejercicio_2 File: D:/Git/TallerDise-oLab1/lab 2/Ejercicio 2/programa_ejercicio_2.vhd Line: 3
Info (12127): Elaborating entity "programa_ejercicio_2" for the top level hierarchy
Warning (10540): VHDL Signal Declaration warning at programa_ejercicio_2.vhd(24): used explicit default value for signal "Cin" because signal was never assigned a value File: D:/Git/TallerDise-oLab1/lab 2/Ejercicio 2/programa_ejercicio_2.vhd Line: 24
Info (12128): Elaborating entity "sumador_5b" for hierarchy "sumador_5b:Sum" File: D:/Git/TallerDise-oLab1/lab 2/Ejercicio 2/programa_ejercicio_2.vhd Line: 55
Info (12128): Elaborating entity "sumador" for hierarchy "sumador_5b:Sum|sumador:S0" File: D:/Git/TallerDise-oLab1/lab 2/Ejercicio 2/sumador_5b.vhd Line: 46
Info (12128): Elaborating entity "decoderBCD4to7segments" for hierarchy "decoderBCD4to7segments:deco1" File: D:/Git/TallerDise-oLab1/lab 2/Ejercicio 2/programa_ejercicio_2.vhd Line: 64
Warning (13024): Output pins are stuck at VCC or GND
    Warning (13410): Pin "Dis1_1" is stuck at GND File: D:/Git/TallerDise-oLab1/lab 2/Ejercicio 2/programa_ejercicio_2.vhd Line: 10
Info (286030): Timing-Driven Synthesis is running
Info (16010): Generating hard_block partition "hard_block:auto_generated_inst"
    Info (16011): Adding 0 node(s), including 0 DDIO, 0 PLL, 0 transceiver and 0 LCELL
Info (21057): Implemented 42 device resources after synthesis - the final resource count might be different
    Info (21058): Implemented 10 input pins
    Info (21059): Implemented 14 output pins
    Info (21061): Implemented 18 logic cells
Info: Quartus Prime Analysis & Synthesis was successful. 0 errors, 4 warnings
    Info: Peak virtual memory: 4858 megabytes
    Info: Processing ended: Wed Aug 17 19:16:07 2022
    Info: Elapsed time: 00:00:06
    Info: Total CPU time (on all processors): 00:00:13


